Removed Pin From Net: NetName=AGND Pin=C30-2
Removed Pin From Net: NetName=AGND Pin=C31-2
Removed Pin From Net: NetName=AGND Pin=C32-2
Removed Pin From Net: NetName=AGND Pin=C33-2
Removed Pin From Net: NetName=AGND Pin=H2-75
Removed Pin From Net: NetName=AGND Pin=H2-76
Removed Pin From Net: NetName=AGND Pin=Head1-75
Removed Pin From Net: NetName=AGND Pin=Head1-76
Removed Pin From Net: NetName=AGND Pin=P05-0
Removed Pin From Net: NetName=AGND Pin=P06-0
Removed Pin From Net: NetName=AGND Pin=R44-1
Removed Pin From Net: NetName=AGND Pin=R45-1
Removed Pin From Net: NetName=AGND Pin=U2-8
Removed Pin From Net: NetName=AGND Pin=U2-14
Removed Pin From Net: NetName=AGND Pin=U3-5
Removed Pin From Net: NetName=AGND Pin=U3-8
Added Pin To Net: NetName=AV+15 Pin=C30-2
Added Pin To Net: NetName=AV+15 Pin=C31-2
Added Pin To Net: NetName=AV+15 Pin=H2-75
Added Pin To Net: NetName=AV+15 Pin=Head1-75
Added Pin To Net: NetName=AV+15 Pin=P05-0
Added Pin To Net: NetName=AV+15 Pin=R44-1
Added Pin To Net: NetName=AV+15 Pin=R45-1
Added Pin To Net: NetName=AV+15 Pin=U2-14
Added Pin To Net: NetName=AV+15 Pin=U3-8
Added Net: Name=AV+15
Added Pin To Net: NetName=AV-15 Pin=C32-2
Added Pin To Net: NetName=AV-15 Pin=C33-2
Added Pin To Net: NetName=AV-15 Pin=H2-76
Added Pin To Net: NetName=AV-15 Pin=Head1-76
Added Pin To Net: NetName=AV-15 Pin=P06-0
Added Pin To Net: NetName=AV-15 Pin=U2-8
Added Pin To Net: NetName=AV-15 Pin=U3-5
Added Net: Name=AV-15
