Removed Pin From Net: NetName=AGND Pin=C01-2
Removed Pin From Net: NetName=AGND Pin=C02-2
Removed Pin From Net: NetName=AGND Pin=C13-2
Removed Pin From Net: NetName=AGND Pin=C103-2
Removed Pin From Net: NetName=AGND Pin=C104-2
Removed Pin From Net: NetName=AGND Pin=C113-2
Removed Pin From Net: NetName=AGND Pin=C114-2
Removed Pin From Net: NetName=AGND Pin=C123-2
Removed Pin From Net: NetName=AGND Pin=C124-2
Removed Pin From Net: NetName=AGND Pin=DLED-2
Removed Pin From Net: NetName=AGND Pin=MCU-IO-7
Removed Pin From Net: NetName=AGND Pin=POWER-OUT-7
Removed Pin From Net: NetName=AGND Pin=RO-2
Removed Pin From Net: NetName=AGND Pin=U1-4
Removed Pin From Net: NetName=AGND Pin=U2-4
Removed Pin From Net: NetName=AGND Pin=U3-4
Removed Pin From Net: NetName=AGND Pin=U4-2
Added Pin To Net: NetName=AGND Pin=RO-1
Added Pin To Net: NetName=DGND Pin=C01-2
Added Pin To Net: NetName=DGND Pin=C02-2
Added Pin To Net: NetName=DGND Pin=C13-2
Added Pin To Net: NetName=DGND Pin=C103-2
Added Pin To Net: NetName=DGND Pin=C104-2
Added Pin To Net: NetName=DGND Pin=C113-2
Added Pin To Net: NetName=DGND Pin=C114-2
Added Pin To Net: NetName=DGND Pin=C123-2
Added Pin To Net: NetName=DGND Pin=C124-2
Added Pin To Net: NetName=DGND Pin=DLED-2
Added Pin To Net: NetName=DGND Pin=MCU-IO-7
Added Pin To Net: NetName=DGND Pin=POWER-OUT-7
Added Pin To Net: NetName=DGND Pin=RO-2
Added Pin To Net: NetName=DGND Pin=U1-4
Added Pin To Net: NetName=DGND Pin=U2-4
Added Pin To Net: NetName=DGND Pin=U3-4
Added Pin To Net: NetName=DGND Pin=U4-2
Added Net: Name=DGND
