Added Component: Designator=U1(AD7656)
Added Pin To Net: NetName=DATA14 Pin=U1-1
Added Pin To Net: NetName=DATA13 Pin=U1-2
Added Pin To Net: NetName=DATA12 Pin=U1-3
Added Pin To Net: NetName=DATA11 Pin=U1-4
Added Pin To Net: NetName=DATA10 Pin=U1-5
Added Pin To Net: NetName=DATA9 Pin=U1-6
Added Pin To Net: NetName=DATA8 Pin=U1-7
Added Pin To Net: NetName=DGND Pin=U1-8
Added Pin To Net: NetName=DVDD3.3 Pin=U1-9
Added Pin To Net: NetName=DATA7 Pin=U1-10
Added Pin To Net: NetName=DATA6 Pin=U1-11
Added Pin To Net: NetName=DATA5 Pin=U1-12
Added Pin To Net: NetName=DATA4 Pin=U1-13
Added Pin To Net: NetName=DATA3 Pin=U1-14
Added Pin To Net: NetName=DATA2 Pin=U1-15
Added Pin To Net: NetName=DATA1 Pin=U1-16
Added Pin To Net: NetName=DATA0 Pin=U1-17
Added Pin To Net: NetName=ADBUSY Pin=U1-18
Added Pin To Net: NetName=ADCS Pin=U1-19
Added Pin To Net: NetName=AD/RD Pin=U1-20
Added Pin To Net: NetName=CONVSETC Pin=U1-21
Added Pin To Net: NetName=CONVSETA Pin=U1-22
Added Pin To Net: NetName=CONVSETA Pin=U1-23
Added Pin To Net: NetName=DVDD3.3 Pin=U1-24
Added Pin To Net: NetName=DGND Pin=U1-25
Added Pin To Net: NetName=DVDD5.0 Pin=U1-26
Added Pin To Net: NetName=NetJ4_2 Pin=U1-27
Added Pin To Net: NetName=ADRST Pin=U1-28
Added Pin To Net: NetName=DGND Pin=U1-29
Added Pin To Net: NetName=AV+12 Pin=U1-30
Added Pin To Net: NetName=AV-12 Pin=U1-31
Added Pin To Net: NetName=AGND Pin=U1-32
Added Pin To Net: NetName=NetC45_2 Pin=U1-33
Added Pin To Net: NetName=AVDD5.0 Pin=U1-34
Added Pin To Net: NetName=AVDD5.0 Pin=U1-35
Added Pin To Net: NetName=NetC44_2 Pin=U1-36
Added Pin To Net: NetName=AGND Pin=U1-37
Added Pin To Net: NetName=AGND Pin=U1-38
Added Pin To Net: NetName=NetC43_2 Pin=U1-39
Added Pin To Net: NetName=AVDD5.0 Pin=U1-40
Added Pin To Net: NetName=AVDD5.0 Pin=U1-41
Added Pin To Net: NetName=NetC42_2 Pin=U1-42
Added Pin To Net: NetName=AGND Pin=U1-43
Added Pin To Net: NetName=AGND Pin=U1-44
Added Pin To Net: NetName=AGND Pin=U1-45
Added Pin To Net: NetName=AVDD5.0 Pin=U1-46
Added Pin To Net: NetName=AVDD5.0 Pin=U1-47
Added Pin To Net: NetName=AGND Pin=U1-48
Added Pin To Net: NetName=AGND Pin=U1-49
Added Pin To Net: NetName=AVDD5.0 Pin=U1-50
Added Pin To Net: NetName=ADREFIN Pin=U1-51
Added Pin To Net: NetName=AGND Pin=U1-52
Added Pin To Net: NetName=AGND Pin=U1-53
Added Pin To Net: NetName=REFCAPA Pin=U1-54
Added Pin To Net: NetName=AGND Pin=U1-55
Added Pin To Net: NetName=REFCAPB Pin=U1-56
Added Pin To Net: NetName=AGND Pin=U1-57
Added Pin To Net: NetName=REFCAPC Pin=U1-58
Added Pin To Net: NetName=AGND Pin=U1-59
Added Pin To Net: NetName=AVDD5.0 Pin=U1-60
Added Pin To Net: NetName=DGND Pin=U1-61
Added Pin To Net: NetName=DGND Pin=U1-62
Added Pin To Net: NetName=DVDD3.3 Pin=U1-63
Added Pin To Net: NetName=DATA15 Pin=U1-64
Added Member To Class: ClassName=MCU_Control_Board Member=Component U1 AD7656
