Change Component Designator: Old Designator=B11 New Designator=B?
Change Component Designator: Old Designator=C21 New Designator=C?
Change Component Designator: Old Designator=C22 New Designator=C?
Change Component Designator: Old Designator=C23 New Designator=C?
Change Component Designator: Old Designator=C24 New Designator=C?
Change Component Designator: Old Designator=C25 New Designator=C?
Change Component Designator: Old Designator=C26 New Designator=C?
Change Component Designator: Old Designator=C27 New Designator=C?
Change Component Designator: Old Designator=C28 New Designator=C?
Change Component Designator: Old Designator=C29 New Designator=C?
Change Component Designator: Old Designator=C44 New Designator=C?
Change Component Designator: Old Designator=C45 New Designator=C?
Change Component Designator: Old Designator=C46 New Designator=C?
Change Component Designator: Old Designator=C47 New Designator=C?
Change Component Designator: Old Designator=C48 New Designator=C?
Change Component Designator: Old Designator=C49 New Designator=C?
Change Component Designator: Old Designator=C51 New Designator=C?
Change Component Designator: Old Designator=C52 New Designator=C?
Change Component Designator: Old Designator=C53 New Designator=C?
Change Component Designator: Old Designator=C54 New Designator=C?
Change Component Designator: Old Designator=C55 New Designator=C?
Change Component Designator: Old Designator=C210 New Designator=C?
Change Component Designator: Old Designator=C211 New Designator=C?
Change Component Designator: Old Designator=C212 New Designator=C?
Change Component Designator: Old Designator=C213 New Designator=C?
Change Component Designator: Old Designator=C214 New Designator=C?
Change Component Designator: Old Designator=C215 New Designator=C?
Change Component Designator: Old Designator=C216 New Designator=C?
Change Component Designator: Old Designator=C217 New Designator=C?
Change Component Designator: Old Designator=C218 New Designator=C?
Change Component Designator: Old Designator=C219 New Designator=C?
Change Component Designator: Old Designator=C220 New Designator=C?
Change Component Designator: Old Designator=C410 New Designator=C?
Change Component Designator: Old Designator=C411 New Designator=C?
Change Component Designator: Old Designator=C413 New Designator=C?
Change Component Designator: Old Designator=C414 New Designator=C?
Change Component Designator: Old Designator=C415 New Designator=C?
Change Component Designator: Old Designator=D43 New Designator=D?
Change Component Designator: Old Designator=D44 New Designator=D?
Change Component Designator: Old Designator=D71 New Designator=D?
Change Component Designator: Old Designator=D72 New Designator=D?
Change Component Designator: Old Designator=DB9 New Designator=DB?
Change Component Designator: Old Designator=L44 New Designator=L?
Change Component Designator: Old Designator=L45 New Designator=L?
Change Component Designator: Old Designator=P02 New Designator=P?
Change Component Designator: Old Designator=P11 New Designator=P?
Change Component Designator: Old Designator=P12 New Designator=P?
Change Component Designator: Old Designator=P51 New Designator=P?
Change Component Designator: Old Designator=Q11 New Designator=Q?
Change Component Designator: Old Designator=R11 New Designator=R?
Change Component Designator: Old Designator=R12 New Designator=R?
Change Component Designator: Old Designator=R13 New Designator=R?
Change Component Designator: Old Designator=R14 New Designator=R?
Change Component Designator: Old Designator=R15 New Designator=R?
Change Component Designator: Old Designator=R16 New Designator=R?
Change Component Designator: Old Designator=R21 New Designator=R?
Change Component Designator: Old Designator=R22 New Designator=R?
Change Component Designator: Old Designator=R23 New Designator=R?
Change Component Designator: Old Designator=R24 New Designator=R?
Change Component Designator: Old Designator=R25 New Designator=R?
Change Component Designator: Old Designator=R26 New Designator=R?
Change Component Designator: Old Designator=R27 New Designator=R?
Change Component Designator: Old Designator=R28 New Designator=R?
Change Component Designator: Old Designator=R29 New Designator=R?
Change Component Designator: Old Designator=R41 New Designator=R?
Change Component Designator: Old Designator=R42 New Designator=R?
Change Component Designator: Old Designator=R43 New Designator=R?
Change Component Designator: Old Designator=R210 New Designator=R?
Change Component Designator: Old Designator=U4 New Designator=U?
Change Component Designator: Old Designator=U21 New Designator=U?
Change Component Designator: Old Designator=U42 New Designator=U?
Change Component Designator: Old Designator=Y21 New Designator=Y?
