Added Component: Designator=J1(PLUG80-STM)
Added Component: Designator=J2(PLUG80-STM)
Added Pin To Net: NetName=AGND Pin=C41-2
Added Pin To Net: NetName=DATA0 Pin=J1-1
Added Pin To Net: NetName=DATA1 Pin=J1-2
Added Pin To Net: NetName=DATA2 Pin=J1-3
Added Pin To Net: NetName=DATA3 Pin=J1-4
Added Pin To Net: NetName=DATA4 Pin=J1-5
Added Pin To Net: NetName=DATA5 Pin=J1-6
Added Pin To Net: NetName=DATA6 Pin=J1-7
Added Pin To Net: NetName=DATA7 Pin=J1-8
Added Pin To Net: NetName=DATA8 Pin=J1-9
Added Pin To Net: NetName=DATA9 Pin=J1-10
Added Pin To Net: NetName=DATA10 Pin=J1-11
Added Pin To Net: NetName=DATA11 Pin=J1-12
Added Pin To Net: NetName=DATA12 Pin=J1-13
Added Pin To Net: NetName=DATA13 Pin=J1-14
Added Pin To Net: NetName=DATA14 Pin=J1-15
Added Pin To Net: NetName=DATA15 Pin=J1-16
Added Pin To Net: NetName=XD16 Pin=J1-17
Added Pin To Net: NetName=XD17 Pin=J1-18
Added Pin To Net: NetName=XD18 Pin=J1-19
Added Pin To Net: NetName=XD19 Pin=J1-20
Added Pin To Net: NetName=XD20 Pin=J1-21
Added Pin To Net: NetName=XD21 Pin=J1-22
Added Pin To Net: NetName=XD22 Pin=J1-23
Added Pin To Net: NetName=XD23 Pin=J1-24
Added Pin To Net: NetName=TMS Pin=J1-25
Added Pin To Net: NetName=TRST Pin=J1-26
Added Pin To Net: NetName=TDI Pin=J1-27
Added Pin To Net: NetName=TDO Pin=J1-28
Added Pin To Net: NetName=EMU1 Pin=J1-29
Added Pin To Net: NetName=EMU0 Pin=J1-30
Added Pin To Net: NetName=TCK Pin=J1-31
Added Pin To Net: NetName=DGND Pin=J1-33
Added Pin To Net: NetName=DGND Pin=J1-34
Added Pin To Net: NetName=DVDD3.3 Pin=J1-35
Added Pin To Net: NetName=DVDD3.3 Pin=J1-36
Added Pin To Net: NetName=XA0 Pin=J1-37
Added Pin To Net: NetName=XA1 Pin=J1-38
Added Pin To Net: NetName=XA2 Pin=J1-39
Added Pin To Net: NetName=XA3 Pin=J1-40
Added Pin To Net: NetName=XA4 Pin=J1-41
Added Pin To Net: NetName=XA5 Pin=J1-42
Added Pin To Net: NetName=XA6 Pin=J1-43
Added Pin To Net: NetName=XA7 Pin=J1-44
Added Pin To Net: NetName=XA8 Pin=J1-45
Added Pin To Net: NetName=XA9 Pin=J1-46
Added Pin To Net: NetName=XA10 Pin=J1-47
Added Pin To Net: NetName=XA11 Pin=J1-48
Added Pin To Net: NetName=XA12 Pin=J1-49
Added Pin To Net: NetName=XA13 Pin=J1-50
Added Pin To Net: NetName=XA14 Pin=J1-51
Added Pin To Net: NetName=XA15 Pin=J1-52
Added Pin To Net: NetName=XA16 Pin=J1-53
Added Pin To Net: NetName=XA17 Pin=J1-54
Added Pin To Net: NetName=XA18 Pin=J1-55
Added Pin To Net: NetName=XA19 Pin=J1-56
Added Pin To Net: NetName=XA20 Pin=J1-57
Added Pin To Net: NetName=XA21 Pin=J1-58
Added Pin To Net: NetName=XA22 Pin=J1-59
Added Pin To Net: NetName=XA23 Pin=J1-60
Added Pin To Net: NetName=DGND Pin=J1-61
Added Pin To Net: NetName=DGND Pin=J1-62
Added Pin To Net: NetName=XZCS0 Pin=J1-63
Added Pin To Net: NetName=XZCS7 Pin=J1-64
Added Pin To Net: NetName=XZCS6 Pin=J1-65
Added Pin To Net: NetName=HOLD Pin=J1-66
Added Pin To Net: NetName=HOLDA Pin=J1-67
Added Pin To Net: NetName=AD/RD Pin=J1-68
Added Pin To Net: NetName=WE Pin=J1-69
Added Pin To Net: NetName=R/W Pin=J1-70
Added Pin To Net: NetName=READY Pin=J1-71
Added Pin To Net: NetName=RS Pin=J1-72
Added Pin To Net: NetName=CLKOUT Pin=J1-75
Added Pin To Net: NetName=DVDD5.0 Pin=J1-77
Added Pin To Net: NetName=DVDD5.0 Pin=J1-78
Added Pin To Net: NetName=DGND Pin=J1-79
Added Pin To Net: NetName=DGND Pin=J1-80
Added Pin To Net: NetName=PWM1A Pin=J2-1
Added Pin To Net: NetName=PWM1B Pin=J2-2
Added Pin To Net: NetName=PWM2A Pin=J2-3
Added Pin To Net: NetName=PWM2B Pin=J2-4
Added Pin To Net: NetName=PWM3A Pin=J2-5
Added Pin To Net: NetName=PWM3B Pin=J2-6
Added Pin To Net: NetName=EQEP1A Pin=J2-9
Added Pin To Net: NetName=EQEP1B Pin=J2-10
Added Pin To Net: NetName=EQEPII Pin=J2-11
Added Pin To Net: NetName=ECAP5 Pin=J2-12
Added Pin To Net: NetName=ECAP6 Pin=J2-13
Added Pin To Net: NetName=EQEPIS Pin=J2-15
Added Pin To Net: NetName=PWM4A Pin=J2-17
Added Pin To Net: NetName=PWM4B Pin=J2-18
Added Pin To Net: NetName=PWM5A Pin=J2-19
Added Pin To Net: NetName=PWM5B Pin=J2-20
Added Pin To Net: NetName=PWM6A Pin=J2-21
Added Pin To Net: NetName=PWM6B Pin=J2-22
Added Pin To Net: NetName=EQEP2A Pin=J2-25
Added Pin To Net: NetName=EQEP2B Pin=J2-26
Added Pin To Net: NetName=EQEP2I Pin=J2-27
Added Pin To Net: NetName=EQEP2S Pin=J2-31
Added Pin To Net: NetName=AGND Pin=J2-33
Added Pin To Net: NetName=AGND Pin=J2-34
Added Pin To Net: NetName=ADCINA0 Pin=J2-35
Added Pin To Net: NetName=ADCINA1 Pin=J2-36
Added Pin To Net: NetName=ADCINA2 Pin=J2-37
Added Pin To Net: NetName=ADCINA3 Pin=J2-38
Added Pin To Net: NetName=ADCINA4 Pin=J2-39
Added Pin To Net: NetName=ADCINA5 Pin=J2-40
Added Pin To Net: NetName=ADCINA6 Pin=J2-41
Added Pin To Net: NetName=ADCINA7 Pin=J2-42
Added Pin To Net: NetName=AGND Pin=J2-43
Added Pin To Net: NetName=AGND Pin=J2-44
Added Pin To Net: NetName=ADCINB0 Pin=J2-45
Added Pin To Net: NetName=ADCINB1 Pin=J2-46
Added Pin To Net: NetName=ADCINB2 Pin=J2-47
Added Pin To Net: NetName=ADCINB3 Pin=J2-48
Added Pin To Net: NetName=ADCINB4 Pin=J2-49
Added Pin To Net: NetName=ADCINB5 Pin=J2-50
Added Pin To Net: NetName=ADCINB6 Pin=J2-51
Added Pin To Net: NetName=ADCINB7 Pin=J2-52
Added Pin To Net: NetName=AGND Pin=J2-53
Added Pin To Net: NetName=AGND Pin=J2-54
Added Pin To Net: NetName=SDAA Pin=J2-55
Added Pin To Net: NetName=MCLKRB Pin=J2-56
Added Pin To Net: NetName=SCLA Pin=J2-57
Added Pin To Net: NetName=MFSRB Pin=J2-58
Added Pin To Net: NetName=SCITXDB Pin=J2-59
Added Pin To Net: NetName=SCIRXDB Pin=J2-60
Added Pin To Net: NetName=SCITXDC Pin=J2-63
Added Pin To Net: NetName=SCIRXDC Pin=J2-64
Added Pin To Net: NetName=MCLKRA Pin=J2-65
Added Pin To Net: NetName=MCLKXA Pin=J2-66
Added Pin To Net: NetName=MDRA Pin=J2-67
Added Pin To Net: NetName=MDXA Pin=J2-68
Added Pin To Net: NetName=XINT3 Pin=J2-71
Added Pin To Net: NetName=XINT4 Pin=J2-72
Added Pin To Net: NetName=XINT5 Pin=J2-73
Added Pin To Net: NetName=NMI Pin=J2-74
Added Pin To Net: NetName=TZI Pin=J2-75
Added Pin To Net: NetName=XINT6 Pin=J2-76
Added Pin To Net: NetName=DGND Pin=J2-79
Added Pin To Net: NetName=DGND Pin=J2-80
Added Member To Class: ClassName=MCU_Control_Board Member=Component J1 Head_80
Added Member To Class: ClassName=MCU_Control_Board Member=Component J2 Head_80
