Added Component: Designator=H2(Head_60pin)
Added Component: Designator=Head1(2.0mm)
Added Pin To Net: NetName=NetH2_22 Pin=H2-22
Added Pin To Net: NetName=NetH2_24 Pin=H2-24
Added Pin To Net: NetName=NetH2_26 Pin=H2-26
Added Pin To Net: NetName=NetH2_28 Pin=H2-28
Added Pin To Net: NetName=NetH2_30 Pin=H2-30
Added Pin To Net: NetName=NetH2_32 Pin=H2-32
Added Pin To Net: NetName=NetH2_34 Pin=H2-34
Added Pin To Net: NetName=NetH2_36 Pin=H2-36
Added Pin To Net: NetName=NetH2_38 Pin=H2-38
Added Pin To Net: NetName=NetH2_40 Pin=H2-40
Added Pin To Net: NetName=NetH2_42 Pin=H2-42
Added Pin To Net: NetName=NetH2_44 Pin=H2-44
Added Pin To Net: NetName=NetH2_46 Pin=H2-46
Added Pin To Net: NetName=NetH2_48 Pin=H2-48
Added Pin To Net: NetName=NetH2_50 Pin=H2-50
Added Pin To Net: NetName=NetH2_52 Pin=H2-52
Added Pin To Net: NetName=NetH2_54 Pin=H2-54
Added Pin To Net: NetName=NetH2_56 Pin=H2-56
Added Pin To Net: NetName=NetH2_58 Pin=H2-58
Added Pin To Net: NetName=NetH2_60 Pin=H2-60
Added Pin To Net: NetName=NetH2_62 Pin=H2-62
Added Pin To Net: NetName=NetH2_64 Pin=H2-64
Added Pin To Net: NetName=AV-12 Pin=H2-65
Added Pin To Net: NetName=AV+12 Pin=H2-67
Added Pin To Net: NetName=+15V Pin=H2-69
Added Pin To Net: NetName=VDD5.0 Pin=H2-70
Added Pin To Net: NetName=DVDD3.3 Pin=H2-71
Added Pin To Net: NetName=DVDD3.3 Pin=H2-72
Added Pin To Net: NetName=+15V Pin=H2-73
Added Pin To Net: NetName=+15V Pin=H2-74
Added Pin To Net: NetName=+15V Pin=H2-75
Added Pin To Net: NetName=+15V Pin=H2-76
Added Pin To Net: NetName=DGND Pin=H2-77
Added Pin To Net: NetName=DGND Pin=H2-78
Added Pin To Net: NetName=DGND Pin=H2-79
Added Pin To Net: NetName=DGND Pin=H2-80
Added Pin To Net: NetName=CS1 Pin=Head1-1
Added Pin To Net: NetName=CS2 Pin=Head1-2
Added Pin To Net: NetName=CS3 Pin=Head1-3
Added Pin To Net: NetName=CLK Pin=Head1-4
Added Pin To Net: NetName=SIMO Pin=Head1-5
Added Pin To Net: NetName=RED_IND Pin=Head1-6
Added Pin To Net: NetName=BLUD_IND Pin=Head1-7
Added Pin To Net: NetName=NetH2_22 Pin=Head1-22
Added Pin To Net: NetName=NetH2_24 Pin=Head1-24
Added Pin To Net: NetName=NetH2_26 Pin=Head1-26
Added Pin To Net: NetName=NetH2_28 Pin=Head1-28
Added Pin To Net: NetName=NetH2_30 Pin=Head1-30
Added Pin To Net: NetName=NetH2_32 Pin=Head1-32
Added Pin To Net: NetName=NetH2_34 Pin=Head1-34
Added Pin To Net: NetName=NetH2_36 Pin=Head1-36
Added Pin To Net: NetName=NetH2_38 Pin=Head1-38
Added Pin To Net: NetName=NetH2_40 Pin=Head1-40
Added Pin To Net: NetName=NetH2_42 Pin=Head1-42
Added Pin To Net: NetName=NetH2_44 Pin=Head1-44
Added Pin To Net: NetName=NetH2_46 Pin=Head1-46
Added Pin To Net: NetName=NetH2_48 Pin=Head1-48
Added Pin To Net: NetName=NetH2_50 Pin=Head1-50
Added Pin To Net: NetName=NetH2_52 Pin=Head1-52
Added Pin To Net: NetName=NetH2_54 Pin=Head1-54
Added Pin To Net: NetName=NetH2_56 Pin=Head1-56
Added Pin To Net: NetName=NetH2_58 Pin=Head1-58
Added Pin To Net: NetName=NetH2_60 Pin=Head1-60
Added Pin To Net: NetName=NetH2_62 Pin=Head1-62
Added Pin To Net: NetName=NetH2_64 Pin=Head1-64
Added Pin To Net: NetName=VDD5.0 Pin=Head1-70
Added Pin To Net: NetName=DVDD3.3 Pin=Head1-71
Added Pin To Net: NetName=DVDD3.3 Pin=Head1-72
Added Pin To Net: NetName=+15V Pin=Head1-73
Added Pin To Net: NetName=+15V Pin=Head1-74
Added Pin To Net: NetName=+15V Pin=Head1-75
Added Pin To Net: NetName=+15V Pin=Head1-76
Added Pin To Net: NetName=DGND Pin=Head1-77
Added Pin To Net: NetName=DGND Pin=Head1-78
Added Pin To Net: NetName=DGND Pin=Head1-79
Added Pin To Net: NetName=DGND Pin=Head1-80
Change Net Name : Old Net Name=+15V New Net Name=AGND
Added Member To Class: ClassName=AD9833_drive Member=Component H2 Head60
Added Member To Class: ClassName=AD9833_drive Member=Component Head1 Head_80
