Added Net: Name=AGND
Added Net: Name=AV+12
Added Net: Name=AV-12
Added Net: Name=FAMP_OUT
Added Net: Name=FILTER_IN
Added Net: Name=FILTER_OUT
Added Net: Name=NetC001_1
Added Net: Name=NetC001_2
Added Net: Name=NetC002_1
Added Net: Name=NetC003_1
Added Net: Name=NetC003_2
Added Net: Name=NetC004_1
Added Net: Name=NetC005_2
Added Net: Name=NetC006_1
Added Net: Name=NetC007_1
Added Net: Name=NetC008_1
Added Net: Name=NetC009_1
Added Net: Name=NetC009_2
Added Net: Name=NetC013_2
Added Net: Name=NetC014_1
Added Net: Name=NetC014_2
Added Net: Name=NetC015_1
Added Net: Name=NetC016_2
Added Net: Name=NetC017_1
Added Net: Name=NetC018_1
Added Net: Name=NetC018_2
Added Net: Name=NetC019_1
Added Net: Name=NetC020_2
Added Net: Name=NetC021_1
Added Net: Name=NetC022_1
Added Net: Name=NetC022_2
Added Net: Name=NetC023_1
Added Net: Name=NetC023_2
Added Net: Name=NetC024_2
Added Net: Name=NetC025_1
Added Net: Name=NetC025_2
Added Net: Name=NetCO10_2
Added Net: Name=NetCO11_1
Added Net: Name=NetCO11_2
Added Net: Name=NetCO12_2
Added Net: Name=NetR03_2
Added Net: Name=NetR05_2
Added Net: Name=NetR08_2
Added Net: Name=NetR010_2
Added Net: Name=NetR013_1
Added Net: Name=NetR022_1
Added Net: Name=NetR025_1
Added Net: Name=NetR034_1
Added Net: Name=NetR038_1
Added Net: Name=NetR047_1
Added Net: Name=NetR051_1
Added Net: Name=PART_IN
Added Net: Name=SIGNAL_LED17
Added Net: Name=SIGNAL_LED19
Added Net: Name=SIGNAL_LED22
Added Class: Name=01SignalDetect
