Added Component: Designator=C001(CC0805)
Added Component: Designator=C002(CC0805)
Added Component: Designator=C003(CC0805)
Added Component: Designator=C004(CC0805)
Added Component: Designator=C005(CC0805)
Added Component: Designator=C006(CC0805)
Added Component: Designator=C007(CC0805)
Added Component: Designator=C008(CC0805)
Added Component: Designator=C009(CC0805)
Added Component: Designator=C013(CC0805)
Added Component: Designator=C014(校正电容)
Added Component: Designator=C015(校正电容)
Added Component: Designator=C016(校正电容)
Added Component: Designator=C017(校正电容)
Added Component: Designator=C018(校正电容)
Added Component: Designator=C019(校正电容)
Added Component: Designator=C020(校正电容)
Added Component: Designator=C021(校正电容)
Added Component: Designator=C022(校正电容)
Added Component: Designator=C023(校正电容)
Added Component: Designator=C024(校正电容)
Added Component: Designator=C025(校正电容)
Added Component: Designator=C026(CC0805)
Added Component: Designator=C027(CC0805)
Added Component: Designator=C028(CC0805)
Added Component: Designator=C029(CC0805)
Added Component: Designator=C030(CC0805)
Added Component: Designator=C031(CC0805)
Added Component: Designator=C032(CC0805)
Added Component: Designator=C033(CC0805)
Added Component: Designator=C034(CC0805)
Added Component: Designator=C035(CC0805)
Added Component: Designator=C036(CC0805)
Added Component: Designator=C037(CC0805)
Added Component: Designator=C038(CC0805)
Added Component: Designator=C039(CC0805)
Added Component: Designator=C040(CC0805)
Added Component: Designator=C041(4*4.5 贴片电解电容)
Added Component: Designator=C042(4*4.5 贴片电解电容)
Added Component: Designator=C044(CC0805)
Added Component: Designator=C045(CC0805)
Added Component: Designator=C046(CC0805)
Added Component: Designator=CO10(CC0805)
Added Component: Designator=CO11(CC0805)
Added Component: Designator=CO12(CC0805)
Added Component: Designator=P0-1(Text_PAD)
Added Component: Designator=P-SIGNAL-TEST(HDR1X4)
Added Component: Designator=P_SIGNALOUT(HDR1X3H)
Added Component: Designator=POI1(HDR1X2)
Added Component: Designator=POI2(HDR1X2)
Added Component: Designator=R01(0805)
Added Component: Designator=R02(0805)
Added Component: Designator=R03(0805)
Added Component: Designator=R04(0805)
Added Component: Designator=R05(0805)
Added Component: Designator=R07(0805)
Added Component: Designator=R08(0805)
Added Component: Designator=R09(0805)
Added Component: Designator=R010(0805)
Added Component: Designator=R012(0805)
Added Component: Designator=R013(0805)
Added Component: Designator=R014(0805)
Added Component: Designator=R015(0805)
Added Component: Designator=R016(0805)
Added Component: Designator=R017(0805)
Added Component: Designator=R018(0805)
Added Component: Designator=R019(0805)
Added Component: Designator=R020(0805)
Added Component: Designator=R021(0805)
Added Component: Designator=R022(0805)
Added Component: Designator=R024(0805)
Added Component: Designator=R025(0805)
Added Component: Designator=R027(0805)
Added Component: Designator=R033(0805)
Added Component: Designator=R034(0805)
Added Component: Designator=R036(0805)
Added Component: Designator=R037(0805)
Added Component: Designator=R038(0805)
Added Component: Designator=R040(0805)
Added Component: Designator=R046(0805)
Added Component: Designator=R047(0805)
Added Component: Designator=R049(0805)
Added Component: Designator=R050(0805)
Added Component: Designator=R051(0805)
Added Component: Designator=R053(0805)
Added Component: Designator=SIGNAL-IN(HDR1X3H)
Added Component: Designator=TR06(VR5)
Added Component: Designator=TR07(VR5)
Added Component: Designator=TR08(VR5)
Added Component: Designator=TR09(VR5)
Added Component: Designator=TR010(VR5)
Added Component: Designator=TR011(VR5)
Added Component: Designator=TR012(VR5)
Added Component: Designator=TR013(VR5)
Added Component: Designator=U01(SO-8-N)
Added Component: Designator=U02(SO-8-N)
Added Component: Designator=U03(SO-8-N)
Added Component: Designator=U04(SO-8-N)
Added Component: Designator=U05(SO-8-N)
Added Component: Designator=U06(SO-8-N)
Added Component: Designator=U07(SO-8-N)
Added Component: Designator=U08(SO-8-N)
Added Component: Designator=U09(SO-8-N)
Added Component: Designator=U011(SO-8-N)
Added Component: Designator=U012(SO-8-N)
Added Component: Designator=U014(SO-8-N)
Added Component: Designator=U015(SO-8-N)
Added Component: Designator=±12V(HDR1X3H)
Added Pin To Net: NetName=NetC001_1 Pin=C001-1
Added Pin To Net: NetName=NetC001_2 Pin=C001-2
Added Pin To Net: NetName=NetC002_1 Pin=C002-1
Added Pin To Net: NetName=NetC001_1 Pin=C002-2
Added Pin To Net: NetName=NetC003_1 Pin=C003-1
Added Pin To Net: NetName=NetC003_2 Pin=C003-2
Added Pin To Net: NetName=NetC004_1 Pin=C004-1
Added Pin To Net: NetName=NetC003_1 Pin=C004-2
Added Pin To Net: NetName=FAMP_OUT Pin=C005-1
Added Pin To Net: NetName=NetC005_2 Pin=C005-2
Added Pin To Net: NetName=NetC006_1 Pin=C006-1
Added Pin To Net: NetName=FILTER_IN Pin=C006-2
Added Pin To Net: NetName=NetC007_1 Pin=C007-1
Added Pin To Net: NetName=NetC006_1 Pin=C007-2
Added Pin To Net: NetName=NetC008_1 Pin=C008-1
Added Pin To Net: NetName=AGND Pin=C008-2
Added Pin To Net: NetName=NetC009_1 Pin=C009-1
Added Pin To Net: NetName=NetC009_2 Pin=C009-2
Added Pin To Net: NetName=FILTER_OUT Pin=C013-1
Added Pin To Net: NetName=NetC013_2 Pin=C013-2
Added Pin To Net: NetName=NetC014_1 Pin=C014-1
Added Pin To Net: NetName=NetC014_2 Pin=C014-2
Added Pin To Net: NetName=NetC015_1 Pin=C015-1
Added Pin To Net: NetName=NetC014_2 Pin=C015-2
Added Pin To Net: NetName=SIGNAL_LED17 Pin=C016-1
Added Pin To Net: NetName=NetC016_2 Pin=C016-2
Added Pin To Net: NetName=NetC017_1 Pin=C017-1
Added Pin To Net: NetName=NetC016_2 Pin=C017-2
Added Pin To Net: NetName=NetC018_1 Pin=C018-1
Added Pin To Net: NetName=NetC018_2 Pin=C018-2
Added Pin To Net: NetName=NetC019_1 Pin=C019-1
Added Pin To Net: NetName=NetC018_2 Pin=C019-2
Added Pin To Net: NetName=SIGNAL_LED19 Pin=C020-1
Added Pin To Net: NetName=NetC020_2 Pin=C020-2
Added Pin To Net: NetName=NetC021_1 Pin=C021-1
Added Pin To Net: NetName=NetC020_2 Pin=C021-2
Added Pin To Net: NetName=NetC022_1 Pin=C022-1
Added Pin To Net: NetName=NetC022_2 Pin=C022-2
Added Pin To Net: NetName=NetC023_1 Pin=C023-1
Added Pin To Net: NetName=NetC023_2 Pin=C023-2
Added Pin To Net: NetName=SIGNAL_LED22 Pin=C024-1
Added Pin To Net: NetName=NetC024_2 Pin=C024-2
Added Pin To Net: NetName=NetC025_1 Pin=C025-1
Added Pin To Net: NetName=NetC025_2 Pin=C025-2
Added Pin To Net: NetName=AV+12 Pin=C026-1
Added Pin To Net: NetName=AGND Pin=C026-2
Added Pin To Net: NetName=AV+12 Pin=C027-1
Added Pin To Net: NetName=AGND Pin=C027-2
Added Pin To Net: NetName=AV+12 Pin=C028-1
Added Pin To Net: NetName=AGND Pin=C028-2
Added Pin To Net: NetName=AV+12 Pin=C029-1
Added Pin To Net: NetName=AGND Pin=C029-2
Added Pin To Net: NetName=AV+12 Pin=C030-1
Added Pin To Net: NetName=AGND Pin=C030-2
Added Pin To Net: NetName=AV+12 Pin=C031-1
Added Pin To Net: NetName=AGND Pin=C031-2
Added Pin To Net: NetName=AV-12 Pin=C032-1
Added Pin To Net: NetName=AGND Pin=C032-2
Added Pin To Net: NetName=AV-12 Pin=C033-1
Added Pin To Net: NetName=AGND Pin=C033-2
Added Pin To Net: NetName=AV-12 Pin=C034-1
Added Pin To Net: NetName=AGND Pin=C034-2
Added Pin To Net: NetName=AV-12 Pin=C035-1
Added Pin To Net: NetName=AGND Pin=C035-2
Added Pin To Net: NetName=AV-12 Pin=C036-1
Added Pin To Net: NetName=AGND Pin=C036-2
Added Pin To Net: NetName=AV-12 Pin=C037-1
Added Pin To Net: NetName=AGND Pin=C037-2
Added Pin To Net: NetName=AV+12 Pin=C038-1
Added Pin To Net: NetName=AGND Pin=C038-2
Added Pin To Net: NetName=AV+12 Pin=C039-1
Added Pin To Net: NetName=AGND Pin=C039-2
Added Pin To Net: NetName=AV+12 Pin=C040-1
Added Pin To Net: NetName=AGND Pin=C040-2
Added Pin To Net: NetName=AV+12 Pin=C041-1
Added Pin To Net: NetName=AGND Pin=C041-2
Added Pin To Net: NetName=AGND Pin=C042-1
Added Pin To Net: NetName=AV-12 Pin=C042-2
Added Pin To Net: NetName=AV-12 Pin=C044-1
Added Pin To Net: NetName=AGND Pin=C044-2
Added Pin To Net: NetName=AV-12 Pin=C045-1
Added Pin To Net: NetName=AGND Pin=C045-2
Added Pin To Net: NetName=AV-12 Pin=C046-1
Added Pin To Net: NetName=AGND Pin=C046-2
Added Pin To Net: NetName=AGND Pin=CO10-1
Added Pin To Net: NetName=NetCO10_2 Pin=CO10-2
Added Pin To Net: NetName=NetCO11_1 Pin=CO11-1
Added Pin To Net: NetName=NetCO11_2 Pin=CO11-2
Added Pin To Net: NetName=AGND Pin=CO12-1
Added Pin To Net: NetName=NetCO12_2 Pin=CO12-2
Added Pin To Net: NetName=NetC002_1 Pin=P0-1-0
Added Pin To Net: NetName=SIGNAL_LED17 Pin=P-SIGNAL-TEST-1
Added Pin To Net: NetName=SIGNAL_LED19 Pin=P-SIGNAL-TEST-2
Added Pin To Net: NetName=SIGNAL_LED22 Pin=P-SIGNAL-TEST-3
Added Pin To Net: NetName=AGND Pin=P-SIGNAL-TEST-4
Added Pin To Net: NetName=SIGNAL_LED17 Pin=P_SIGNALOUT-1
Added Pin To Net: NetName=SIGNAL_LED19 Pin=P_SIGNALOUT-2
Added Pin To Net: NetName=SIGNAL_LED22 Pin=P_SIGNALOUT-3
Added Pin To Net: NetName=FAMP_OUT Pin=POI1-1
Added Pin To Net: NetName=FILTER_IN Pin=POI1-2
Added Pin To Net: NetName=FILTER_OUT Pin=POI2-1
Added Pin To Net: NetName=PART_IN Pin=POI2-2
Added Pin To Net: NetName=NetC001_2 Pin=R01-1
Added Pin To Net: NetName=NetC001_1 Pin=R01-2
Added Pin To Net: NetName=AGND Pin=R02-1
Added Pin To Net: NetName=NetC002_1 Pin=R02-2
Added Pin To Net: NetName=NetC002_1 Pin=R03-1
Added Pin To Net: NetName=NetR03_2 Pin=R03-2
Added Pin To Net: NetName=AGND Pin=R04-1
Added Pin To Net: NetName=NetC003_2 Pin=R04-2
Added Pin To Net: NetName=NetC003_2 Pin=R05-1
Added Pin To Net: NetName=NetR05_2 Pin=R05-2
Added Pin To Net: NetName=AGND Pin=R07-1
Added Pin To Net: NetName=NetC004_1 Pin=R07-2
Added Pin To Net: NetName=NetC004_1 Pin=R08-1
Added Pin To Net: NetName=NetR08_2 Pin=R08-2
Added Pin To Net: NetName=AGND Pin=R09-1
Added Pin To Net: NetName=NetC005_2 Pin=R09-2
Added Pin To Net: NetName=NetC005_2 Pin=R010-1
Added Pin To Net: NetName=NetR010_2 Pin=R010-2
Added Pin To Net: NetName=AGND Pin=R012-1
Added Pin To Net: NetName=NetC007_1 Pin=R012-2
Added Pin To Net: NetName=NetR013_1 Pin=R013-1
Added Pin To Net: NetName=NetC006_1 Pin=R013-2
Added Pin To Net: NetName=NetR013_1 Pin=R014-1
Added Pin To Net: NetName=NetC009_2 Pin=R014-2
Added Pin To Net: NetName=NetC008_1 Pin=R015-1
Added Pin To Net: NetName=NetC009_2 Pin=R015-2
Added Pin To Net: NetName=NetC009_1 Pin=R016-1
Added Pin To Net: NetName=NetCO11_2 Pin=R016-2
Added Pin To Net: NetName=NetCO11_2 Pin=R017-1
Added Pin To Net: NetName=NetCO10_2 Pin=R017-2
Added Pin To Net: NetName=NetCO11_1 Pin=R018-1
Added Pin To Net: NetName=NetC013_2 Pin=R018-2
Added Pin To Net: NetName=NetC013_2 Pin=R019-1
Added Pin To Net: NetName=NetCO12_2 Pin=R019-2
Added Pin To Net: NetName=PART_IN Pin=R020-1
Added Pin To Net: NetName=NetC014_2 Pin=R020-2
Added Pin To Net: NetName=NetC015_1 Pin=R021-1
Added Pin To Net: NetName=NetC014_1 Pin=R021-2
Added Pin To Net: NetName=NetR022_1 Pin=R022-1
Added Pin To Net: NetName=NetC014_2 Pin=R022-2
Added Pin To Net: NetName=NetC014_1 Pin=R024-1
Added Pin To Net: NetName=NetC016_2 Pin=R024-2
Added Pin To Net: NetName=NetR025_1 Pin=R025-1
Added Pin To Net: NetName=NetC016_2 Pin=R025-2
Added Pin To Net: NetName=NetC017_1 Pin=R027-1
Added Pin To Net: NetName=SIGNAL_LED17 Pin=R027-2
Added Pin To Net: NetName=PART_IN Pin=R033-1
Added Pin To Net: NetName=NetC018_2 Pin=R033-2
Added Pin To Net: NetName=NetR034_1 Pin=R034-1
Added Pin To Net: NetName=NetC018_2 Pin=R034-2
Added Pin To Net: NetName=NetC019_1 Pin=R036-1
Added Pin To Net: NetName=NetC018_1 Pin=R036-2
Added Pin To Net: NetName=NetC018_1 Pin=R037-1
Added Pin To Net: NetName=NetC020_2 Pin=R037-2
Added Pin To Net: NetName=NetR038_1 Pin=R038-1
Added Pin To Net: NetName=NetC020_2 Pin=R038-2
Added Pin To Net: NetName=NetC021_1 Pin=R040-1
Added Pin To Net: NetName=SIGNAL_LED19 Pin=R040-2
Added Pin To Net: NetName=PART_IN Pin=R046-1
Added Pin To Net: NetName=NetC023_2 Pin=R046-2
Added Pin To Net: NetName=NetR047_1 Pin=R047-1
Added Pin To Net: NetName=NetC022_2 Pin=R047-2
Added Pin To Net: NetName=NetC023_1 Pin=R049-1
Added Pin To Net: NetName=NetC022_1 Pin=R049-2
Added Pin To Net: NetName=NetC022_1 Pin=R050-1
Added Pin To Net: NetName=NetC025_2 Pin=R050-2
Added Pin To Net: NetName=NetR051_1 Pin=R051-1
Added Pin To Net: NetName=NetC024_2 Pin=R051-2
Added Pin To Net: NetName=NetC025_1 Pin=R053-1
Added Pin To Net: NetName=SIGNAL_LED22 Pin=R053-2
Added Pin To Net: NetName=AGND Pin=SIGNAL-IN-1
Added Pin To Net: NetName=AGND Pin=SIGNAL-IN-2
Added Pin To Net: NetName=NetC001_2 Pin=SIGNAL-IN-3
Added Pin To Net: NetName=NetC003_1 Pin=TR06-1
Added Pin To Net: NetName=NetC003_1 Pin=TR06-2
Added Pin To Net: NetName=NetR05_2 Pin=TR06-3
Added Pin To Net: NetName=FAMP_OUT Pin=TR07-1
Added Pin To Net: NetName=FAMP_OUT Pin=TR07-2
Added Pin To Net: NetName=NetR010_2 Pin=TR07-3
Added Pin To Net: NetName=AGND Pin=TR08-1
Added Pin To Net: NetName=AGND Pin=TR08-2
Added Pin To Net: NetName=NetR022_1 Pin=TR08-3
Added Pin To Net: NetName=AGND Pin=TR09-1
Added Pin To Net: NetName=AGND Pin=TR09-2
Added Pin To Net: NetName=NetR025_1 Pin=TR09-3
Added Pin To Net: NetName=AGND Pin=TR010-1
Added Pin To Net: NetName=AGND Pin=TR010-2
Added Pin To Net: NetName=NetR034_1 Pin=TR010-3
Added Pin To Net: NetName=AGND Pin=TR011-1
Added Pin To Net: NetName=AGND Pin=TR011-2
Added Pin To Net: NetName=NetR038_1 Pin=TR011-3
Added Pin To Net: NetName=AGND Pin=TR012-1
Added Pin To Net: NetName=AGND Pin=TR012-2
Added Pin To Net: NetName=NetR047_1 Pin=TR012-3
Added Pin To Net: NetName=AGND Pin=TR013-1
Added Pin To Net: NetName=AGND Pin=TR013-2
Added Pin To Net: NetName=NetR051_1 Pin=TR013-3
Added Pin To Net: NetName=NetC001_2 Pin=U01-2
Added Pin To Net: NetName=AGND Pin=U01-3
Added Pin To Net: NetName=AV-12 Pin=U01-4
Added Pin To Net: NetName=NetC001_1 Pin=U01-6
Added Pin To Net: NetName=AV+12 Pin=U01-7
Added Pin To Net: NetName=NetC003_2 Pin=U02-2
Added Pin To Net: NetName=NetR03_2 Pin=U02-3
Added Pin To Net: NetName=AV-12 Pin=U02-4
Added Pin To Net: NetName=NetC003_1 Pin=U02-6
Added Pin To Net: NetName=AV+12 Pin=U02-7
Added Pin To Net: NetName=NetC005_2 Pin=U03-2
Added Pin To Net: NetName=NetR08_2 Pin=U03-3
Added Pin To Net: NetName=AV-12 Pin=U03-4
Added Pin To Net: NetName=FAMP_OUT Pin=U03-6
Added Pin To Net: NetName=AV+12 Pin=U03-7
Added Pin To Net: NetName=NetR013_1 Pin=U04-2
Added Pin To Net: NetName=NetC007_1 Pin=U04-3
Added Pin To Net: NetName=AV-12 Pin=U04-4
Added Pin To Net: NetName=NetR013_1 Pin=U04-6
Added Pin To Net: NetName=AV+12 Pin=U04-7
Added Pin To Net: NetName=NetC009_1 Pin=U05-2
Added Pin To Net: NetName=NetC008_1 Pin=U05-3
Added Pin To Net: NetName=AV-12 Pin=U05-4
Added Pin To Net: NetName=NetC009_1 Pin=U05-6
Added Pin To Net: NetName=AV+12 Pin=U05-7
Added Pin To Net: NetName=NetCO11_1 Pin=U06-2
Added Pin To Net: NetName=NetCO10_2 Pin=U06-3
Added Pin To Net: NetName=AV-12 Pin=U06-4
Added Pin To Net: NetName=NetCO11_1 Pin=U06-6
Added Pin To Net: NetName=AV+12 Pin=U06-7
Added Pin To Net: NetName=FILTER_OUT Pin=U07-2
Added Pin To Net: NetName=NetCO12_2 Pin=U07-3
Added Pin To Net: NetName=AV-12 Pin=U07-4
Added Pin To Net: NetName=FILTER_OUT Pin=U07-6
Added Pin To Net: NetName=AV+12 Pin=U07-7
Added Pin To Net: NetName=NetC015_1 Pin=U08-2
Added Pin To Net: NetName=AGND Pin=U08-3
Added Pin To Net: NetName=AV-12 Pin=U08-4
Added Pin To Net: NetName=NetC014_1 Pin=U08-6
Added Pin To Net: NetName=AV+12 Pin=U08-7
Added Pin To Net: NetName=NetC017_1 Pin=U09-2
Added Pin To Net: NetName=AGND Pin=U09-3
Added Pin To Net: NetName=AV-12 Pin=U09-4
Added Pin To Net: NetName=SIGNAL_LED17 Pin=U09-6
Added Pin To Net: NetName=AV+12 Pin=U09-7
Added Pin To Net: NetName=NetC019_1 Pin=U011-2
Added Pin To Net: NetName=AGND Pin=U011-3
Added Pin To Net: NetName=AV-12 Pin=U011-4
Added Pin To Net: NetName=NetC018_1 Pin=U011-6
Added Pin To Net: NetName=AV+12 Pin=U011-7
Added Pin To Net: NetName=NetC021_1 Pin=U012-2
Added Pin To Net: NetName=AGND Pin=U012-3
Added Pin To Net: NetName=AV-12 Pin=U012-4
Added Pin To Net: NetName=SIGNAL_LED19 Pin=U012-6
Added Pin To Net: NetName=AV+12 Pin=U012-7
Added Pin To Net: NetName=NetC023_1 Pin=U014-2
Added Pin To Net: NetName=AGND Pin=U014-3
Added Pin To Net: NetName=AV-12 Pin=U014-4
Added Pin To Net: NetName=NetC022_1 Pin=U014-6
Added Pin To Net: NetName=AV+12 Pin=U014-7
Added Pin To Net: NetName=NetC025_1 Pin=U015-2
Added Pin To Net: NetName=AGND Pin=U015-3
Added Pin To Net: NetName=AV-12 Pin=U015-4
Added Pin To Net: NetName=SIGNAL_LED22 Pin=U015-6
Added Pin To Net: NetName=AV+12 Pin=U015-7
Added Pin To Net: NetName=AV+12 Pin=±12V-1
Added Pin To Net: NetName=AV-12 Pin=±12V-2
Added Pin To Net: NetName=AGND Pin=±12V-3
Added Member To Class: ClassName=01SignalDetect Member=Component C001 Cap
Added Member To Class: ClassName=01SignalDetect Member=Component C002 Cap
Added Member To Class: ClassName=01SignalDetect Member=Component C003 Cap
Added Member To Class: ClassName=01SignalDetect Member=Component C004 Cap
Added Member To Class: ClassName=01SignalDetect Member=Component C005 Cap
Added Member To Class: ClassName=01SignalDetect Member=Component C006 Cap
Added Member To Class: ClassName=01SignalDetect Member=Component C007 Cap
Added Member To Class: ClassName=01SignalDetect Member=Component C008 Cap
Added Member To Class: ClassName=01SignalDetect Member=Component C009 Cap
Added Member To Class: ClassName=01SignalDetect Member=Component C013 Cap
Added Member To Class: ClassName=01SignalDetect Member=Component C014 Cap
Added Member To Class: ClassName=01SignalDetect Member=Component C015 Cap
Added Member To Class: ClassName=01SignalDetect Member=Component C016 Cap
Added Member To Class: ClassName=01SignalDetect Member=Component C017 Cap
Added Member To Class: ClassName=01SignalDetect Member=Component C018 Cap
Added Member To Class: ClassName=01SignalDetect Member=Component C019 Cap
Added Member To Class: ClassName=01SignalDetect Member=Component C020 Cap
Added Member To Class: ClassName=01SignalDetect Member=Component C021 Cap
Added Member To Class: ClassName=01SignalDetect Member=Component C022 Cap
Added Member To Class: ClassName=01SignalDetect Member=Component C023 Cap
Added Member To Class: ClassName=01SignalDetect Member=Component C024 Cap
Added Member To Class: ClassName=01SignalDetect Member=Component C025 Cap
Added Member To Class: ClassName=01SignalDetect Member=Component C026 Cap
Added Member To Class: ClassName=01SignalDetect Member=Component C027 Cap
Added Member To Class: ClassName=01SignalDetect Member=Component C028 Cap
Added Member To Class: ClassName=01SignalDetect Member=Component C029 Cap
Added Member To Class: ClassName=01SignalDetect Member=Component C030 Cap
Added Member To Class: ClassName=01SignalDetect Member=Component C031 Cap
Added Member To Class: ClassName=01SignalDetect Member=Component C032 Cap
Added Member To Class: ClassName=01SignalDetect Member=Component C033 Cap
Added Member To Class: ClassName=01SignalDetect Member=Component C034 Cap
Added Member To Class: ClassName=01SignalDetect Member=Component C035 Cap
Added Member To Class: ClassName=01SignalDetect Member=Component C036 Cap
Added Member To Class: ClassName=01SignalDetect Member=Component C037 Cap
Added Member To Class: ClassName=01SignalDetect Member=Component C038 Cap
Added Member To Class: ClassName=01SignalDetect Member=Component C039 Cap
Added Member To Class: ClassName=01SignalDetect Member=Component C040 Cap
Added Member To Class: ClassName=01SignalDetect Member=Component C041 Cap Pol1
Added Member To Class: ClassName=01SignalDetect Member=Component C042 Cap Pol1
Added Member To Class: ClassName=01SignalDetect Member=Component C044 Cap
Added Member To Class: ClassName=01SignalDetect Member=Component C045 Cap
Added Member To Class: ClassName=01SignalDetect Member=Component C046 Cap
Added Member To Class: ClassName=01SignalDetect Member=Component CO10 Cap
Added Member To Class: ClassName=01SignalDetect Member=Component CO11 Cap
Added Member To Class: ClassName=01SignalDetect Member=Component CO12 Cap
Added Member To Class: ClassName=01SignalDetect Member=Component P0-1 测试点
Added Member To Class: ClassName=01SignalDetect Member=Component P-SIGNAL-TEST 信号处理输出测试点
Added Member To Class: ClassName=01SignalDetect Member=Component P_SIGNALOUT 信号处理输出
Added Member To Class: ClassName=01SignalDetect Member=Component POI1 FAMP_OUT-FILTER_IN跳针
Added Member To Class: ClassName=01SignalDetect Member=Component POI2 FILTER_OUT-PART_IN跳针
Added Member To Class: ClassName=01SignalDetect Member=Component R01 Res2
Added Member To Class: ClassName=01SignalDetect Member=Component R02 Res2
Added Member To Class: ClassName=01SignalDetect Member=Component R03 Res2
Added Member To Class: ClassName=01SignalDetect Member=Component R04 Res2
Added Member To Class: ClassName=01SignalDetect Member=Component R05 Res2
Added Member To Class: ClassName=01SignalDetect Member=Component R07 Res2
Added Member To Class: ClassName=01SignalDetect Member=Component R08 Res2
Added Member To Class: ClassName=01SignalDetect Member=Component R09 Res2
Added Member To Class: ClassName=01SignalDetect Member=Component R010 Res2
Added Member To Class: ClassName=01SignalDetect Member=Component R012 Res2
Added Member To Class: ClassName=01SignalDetect Member=Component R013 Res2
Added Member To Class: ClassName=01SignalDetect Member=Component R014 Res2
Added Member To Class: ClassName=01SignalDetect Member=Component R015 Res2
Added Member To Class: ClassName=01SignalDetect Member=Component R016 Res2
Added Member To Class: ClassName=01SignalDetect Member=Component R017 Res2
Added Member To Class: ClassName=01SignalDetect Member=Component R018 Res2
Added Member To Class: ClassName=01SignalDetect Member=Component R019 Res2
Added Member To Class: ClassName=01SignalDetect Member=Component R020 Res2
Added Member To Class: ClassName=01SignalDetect Member=Component R021 Res2
Added Member To Class: ClassName=01SignalDetect Member=Component R022 Res2
Added Member To Class: ClassName=01SignalDetect Member=Component R024 Res2
Added Member To Class: ClassName=01SignalDetect Member=Component R025 Res2
Added Member To Class: ClassName=01SignalDetect Member=Component R027 Res2
Added Member To Class: ClassName=01SignalDetect Member=Component R033 Res2
Added Member To Class: ClassName=01SignalDetect Member=Component R034 Res2
Added Member To Class: ClassName=01SignalDetect Member=Component R036 Res2
Added Member To Class: ClassName=01SignalDetect Member=Component R037 Res2
Added Member To Class: ClassName=01SignalDetect Member=Component R038 Res2
Added Member To Class: ClassName=01SignalDetect Member=Component R040 Res2
Added Member To Class: ClassName=01SignalDetect Member=Component R046 Res2
Added Member To Class: ClassName=01SignalDetect Member=Component R047 Res2
Added Member To Class: ClassName=01SignalDetect Member=Component R049 Res2
Added Member To Class: ClassName=01SignalDetect Member=Component R050 Res2
Added Member To Class: ClassName=01SignalDetect Member=Component R051 Res2
Added Member To Class: ClassName=01SignalDetect Member=Component R053 Res2
Added Member To Class: ClassName=01SignalDetect Member=Component SIGNAL-IN 探测器信号输入
Added Member To Class: ClassName=01SignalDetect Member=Component TR06 RPot
Added Member To Class: ClassName=01SignalDetect Member=Component TR07 RPot
Added Member To Class: ClassName=01SignalDetect Member=Component TR08 RPot
Added Member To Class: ClassName=01SignalDetect Member=Component TR09 RPot
Added Member To Class: ClassName=01SignalDetect Member=Component TR010 RPot
Added Member To Class: ClassName=01SignalDetect Member=Component TR011 RPot
Added Member To Class: ClassName=01SignalDetect Member=Component TR012 RPot
Added Member To Class: ClassName=01SignalDetect Member=Component TR013 RPot
Added Member To Class: ClassName=01SignalDetect Member=Component U01 AD8671
Added Member To Class: ClassName=01SignalDetect Member=Component U02 OP37EZ
Added Member To Class: ClassName=01SignalDetect Member=Component U03 OP37EZ
Added Member To Class: ClassName=01SignalDetect Member=Component U04 OP37EZ
Added Member To Class: ClassName=01SignalDetect Member=Component U05 OP37EZ
Added Member To Class: ClassName=01SignalDetect Member=Component U06 OP37EZ
Added Member To Class: ClassName=01SignalDetect Member=Component U07 OP37EZ
Added Member To Class: ClassName=01SignalDetect Member=Component U08 OP37EZ
Added Member To Class: ClassName=01SignalDetect Member=Component U09 OP37EZ
Added Member To Class: ClassName=01SignalDetect Member=Component U011 OP37EZ
Added Member To Class: ClassName=01SignalDetect Member=Component U012 OP37EZ
Added Member To Class: ClassName=01SignalDetect Member=Component U014 OP37EZ
Added Member To Class: ClassName=01SignalDetect Member=Component U015 OP37EZ
Added Member To Class: ClassName=01SignalDetect Member=Component ±12V 信号处理板连接
Added Room: Name=01SignalDetect
