Removed Pin From Net: NetName=XA0 Pin=J1-37
Removed Pin From Net: NetName=XA1 Pin=J1-38
Removed Pin From Net: NetName=XA7 Pin=J1-44
Removed Pin From Net: NetName=XA8 Pin=J1-45
Removed Pin From Net: NetName=XA9 Pin=J1-46
Removed Pin From Net: NetName=XA12 Pin=J1-49
Removed Pin From Net: NetName=XA13 Pin=J1-50
Removed Pin From Net: NetName=XA14 Pin=J1-51
Removed Pin From Net: NetName=XA15 Pin=J1-52
Removed Pin From Net: NetName=XZCS6 Pin=J1-65
Removed Pin From Net: NetName=ADCINA0 Pin=J2-35
Removed Pin From Net: NetName=ADCINA1 Pin=J2-36
Removed Pin From Net: NetName=ADCINA2 Pin=J2-37
Removed Pin From Net: NetName=ADCINA3 Pin=J2-38
Removed Pin From Net: NetName=ADCINA4 Pin=J2-39
Removed Pin From Net: NetName=ADCINA5 Pin=J2-40
Removed Pin From Net: NetName=ADCINA6 Pin=J2-41
Removed Pin From Net: NetName=ADCINA7 Pin=J2-42
Removed Pin From Net: NetName=ADCINB0 Pin=J2-45
Removed Pin From Net: NetName=ADCINB1 Pin=J2-46
Removed Pin From Net: NetName=ADCINB2 Pin=J2-47
Removed Pin From Net: NetName=ADCINB3 Pin=J2-48
Removed Pin From Net: NetName=SDAA Pin=J2-55
Removed Pin From Net: NetName=SCLA Pin=J2-57
